<?xml version="1.0" encoding="UTF-8"?>
<testng-results skipped="0" failed="0" ignored="0" total="0" passed="0">
  <reporter-output>
  </reporter-output>
  <suite name="cucumberOptions.TestRunner" duration-ms="7" started-at="2020-09-05T12:45:08 IST" finished-at="2020-09-05T12:45:09 IST">
    <groups>
    </groups>
    <test name="Command line test" duration-ms="7" started-at="2020-09-05T12:45:08 IST" finished-at="2020-09-05T12:45:09 IST">
    </test> <!-- Command line test -->
  </suite> <!-- cucumberOptions.TestRunner -->
</testng-results>
